<?xml version="1.0" encoding="UTF-8"?>
<testng-results skipped="0" failed="0" total="1" passed="1">
  <reporter-output>
  </reporter-output>
  <suite name="Default suite" duration-ms="1600" started-at="2021-06-27T07:19:44Z" finished-at="2021-06-27T07:19:46Z">
    <groups>
    </groups>
    <test name="Default test" duration-ms="1600" started-at="2021-06-27T07:19:44Z" finished-at="2021-06-27T07:19:46Z">
      <class name="readPDF.PDFReaderTest">
        <test-method status="PASS" signature="readLine()[pri:0, instance:readPDF.PDFReaderTest@7e0babb1]" name="readLine" duration-ms="1573" started-at="2021-06-27T12:49:44Z" finished-at="2021-06-27T12:49:46Z">
          <reporter-output>
          </reporter-output>
        </test-method> <!-- readLine -->
      </class> <!-- readPDF.PDFReaderTest -->
    </test> <!-- Default test -->
  </suite> <!-- Default suite -->
</testng-results>
